<?xml version="1.0" encoding="UTF-8"?>
<!-- Generated by org.testng.reporters.JUnitReportReporter -->
<testsuite hostname="DESKTOP-M8Q9OQ2" failures="0" tests="2" name="com.learn_everyday.use_spring_selenium.spring_selenium.GoogleSearchTest" time="0.041" errors="1" timestamp="2025-03-25T13:55:33 IST" skipped="1">
  <testcase classname="com.learn_everyday.use_spring_selenium.spring_selenium.GoogleSearchTest" name="testGoogleSearch" time="0.001">
    <skipped/>
  </testcase> <!-- testGoogleSearch -->
  <testcase classname="com.learn_everyday.use_spring_selenium.spring_selenium.GoogleSearchTest" name="beforeTest" time="0.040">
    <error message="Cannot invoke &quot;com.learn_everyday.use_spring_selenium.spring_selenium.pages.GoogleHomePage.openGoogle()&quot; because &quot;this.googleHomePage&quot; is null" type="java.lang.NullPointerException">
      <![CDATA[java.lang.NullPointerException: Cannot invoke "com.learn_everyday.use_spring_selenium.spring_selenium.pages.GoogleHomePage.openGoogle()" because "this.googleHomePage" is null
at com.learn_everyday.use_spring_selenium.spring_selenium.GoogleSearchTest.beforeTest(GoogleSearchTest.java:22)
at java.base/jdk.internal.reflect.DirectMethodHandleAccessor.invoke(DirectMethodHandleAccessor.java:103)
at java.base/java.lang.reflect.Method.invoke(Method.java:580)
at org.testng.internal.invokers.MethodInvocationHelper.invokeMethod(MethodInvocationHelper.java:141)
at org.testng.internal.invokers.MethodInvocationHelper.invokeMethodConsideringTimeout(MethodInvocationHelper.java:71)
at org.testng.internal.invokers.ConfigInvoker.invokeConfigurationMethod(ConfigInvoker.java:400)
at org.testng.internal.invokers.ConfigInvoker.invokeConfigurations(ConfigInvoker.java:333)
at org.testng.TestRunner.invokeTestConfigurations(TestRunner.java:657)
at org.testng.TestRunner.beforeRun(TestRunner.java:646)
at org.testng.TestRunner.run(TestRunner.java:612)
at org.testng.SuiteRunner.runTest(SuiteRunner.java:421)
at org.testng.SuiteRunner.runSequentially(SuiteRunner.java:413)
at org.testng.SuiteRunner.privateRun(SuiteRunner.java:373)
at org.testng.SuiteRunner.run(SuiteRunner.java:312)
at org.testng.SuiteRunnerWorker.runSuite(SuiteRunnerWorker.java:52)
at org.testng.SuiteRunnerWorker.run(SuiteRunnerWorker.java:95)
at org.testng.TestNG.runSuitesSequentially(TestNG.java:1274)
at org.testng.TestNG.runSuitesLocally(TestNG.java:1208)
at org.testng.TestNG.runSuites(TestNG.java:1112)
at org.testng.TestNG.run(TestNG.java:1079)
at org.testng.remote.AbstractRemoteTestNG.run(AbstractRemoteTestNG.java:115)
at org.testng.remote.RemoteTestNG.initAndRun(RemoteTestNG.java:293)
at org.testng.remote.RemoteTestNG.main(RemoteTestNG.java:91)
]]>
    </error>
  </testcase> <!-- beforeTest -->
</testsuite> <!-- com.learn_everyday.use_spring_selenium.spring_selenium.GoogleSearchTest -->
